<?xml version="1.0" encoding="UTF-8"?>
<testsuite xmlns:xsi="http://www.w3.org/2001/XMLSchema-instance" xsi:noNamespaceSchemaLocation="https://maven.apache.org/surefire/maven-surefire-plugin/xsd/surefire-test-report-3.0.xsd" version="3.0" name="HistoricoNavegacaoTest" time="0.046" tests="9" errors="0" skipped="0" failures="0">
  <properties>
[...]
</properties>
  <testcase name="testAvancarSemPaginas" classname="HistoricoNavegacaoTest" time="0.016"/>
  <testcase name="testVoltarParaPaginaAnterior" classname="HistoricoNavegacaoTest" time="0.0"/>
  <testcase name="testExibirHistorico" classname="HistoricoNavegacaoTest" time="0.006">
    <system-out><![CDATA[Histórico de navegação:
3. https://web.whatsapp.com/
2. https://x.com/
1. https://www.instagram.com/
]]></system-out>
  </testcase>
  <testcase name="testAvancarAposLimpar" classname="HistoricoNavegacaoTest" time="0.001"/>
  <testcase name="testHistoricoComVariasPaginas" classname="HistoricoNavegacaoTest" time="0.001"/>
  <testcase name="testAvancarParaProximaPagina" classname="HistoricoNavegacaoTest" time="0.001"/>
  <testcase name="testAdicionarPagina" classname="HistoricoNavegacaoTest" time="0.0"/>
  <testcase name="testVoltarSemPaginas" classname="HistoricoNavegacaoTest" time="0.0"/>
  <testcase name="testLimparHistorico" classname="HistoricoNavegacaoTest" time="0.0"/>
</testsuite>